This is XeTeX, Version 3.1415926-2.4-0.9998 (MiKTeX 2.9) (preloaded format=xelatex 2013.5.4)  20 MAY 2013 21:05
entering extended mode
**gc.tex
(C:\Users\Pasquale\Desktop\gc\gc.tex
LaTeX2e <2011/06/27>
Babel <v3.8m> and hyphenation patterns for english, afrikaans, ancientgreek, arabic, armenian, assamese, basque, bengali
, bokmal, bulgarian, catalan, coptic, croatian, czech, danish, dutch, esperanto, estonian, farsi, finnish, french, galic
ian, german, german-x-2012-05-30, greek, gujarati, hindi, hungarian, icelandic, indonesian, interlingua, irish, italian,
 kannada, kurmanji, latin, latvian, lithuanian, malayalam, marathi, mongolian, mongolianlmc, monogreek, ngerman, ngerman
-x-2012-05-30, nynorsk, oriya, panjabi, pinyin, polish, portuguese, romanian, russian, sanskrit, serbian, slovak, sloven
ian, spanish, swedish, swissgerman, tamil, telugu, turkish, turkmen, ukenglish, ukrainian, uppersorbian, usenglishmax, w
elsh, loaded.
("C:\Program Files (x86)\MiKTeX 2.9\tex\latex\base\article.cls"
Document Class: article 2007/10/19 v1.4h Standard LaTeX document class
("C:\Program Files (x86)\MiKTeX 2.9\tex\latex\base\size12.clo"
File: size12.clo 2007/10/19 v1.4h Standard LaTeX file (size option)
)
\c@part=\count80
\c@section=\count81
\c@subsection=\count82
\c@subsubsection=\count83
\c@paragraph=\count84
\c@subparagraph=\count85
\c@figure=\count86
\c@table=\count87
\abovecaptionskip=\skip41
\belowcaptionskip=\skip42
\bibindent=\dimen102
)
("C:\Program Files (x86)\MiKTeX 2.9\tex\latex\base\inputenc.sty"
Package: inputenc 2008/03/30 v1.1d Input encoding file
\inpenc@prehook=\toks14
\inpenc@posthook=\toks15

("C:\Program Files (x86)\MiKTeX 2.9\tex\latex\base\latin2.def"
File: latin2.def 2008/03/30 v1.1d Input encoding file
))
("C:\Program Files (x86)\MiKTeX 2.9\tex\latex\base\t1enc.sty"
Package: t1enc 1994/06/01 Standard LaTeX package
)
("C:\Program Files (x86)\MiKTeX 2.9\tex\latex\amsmath\amsmath.sty"
Package: amsmath 2013/01/14 v2.14 AMS math features
\@mathmargin=\skip43

For additional information on amsmath, use the `?' option.
("C:\Program Files (x86)\MiKTeX 2.9\tex\latex\amsmath\amstext.sty"
Package: amstext 2000/06/29 v2.01

("C:\Program Files (x86)\MiKTeX 2.9\tex\latex\amsmath\amsgen.sty"
File: amsgen.sty 1999/11/30 v2.0
\@emptytoks=\toks16
\ex@=\dimen103
))
("C:\Program Files (x86)\MiKTeX 2.9\tex\latex\amsmath\amsbsy.sty"
Package: amsbsy 1999/11/29 v1.2d
\pmbraise@=\dimen104
)
("C:\Program Files (x86)\MiKTeX 2.9\tex\latex\amsmath\amsopn.sty"
Package: amsopn 1999/12/14 v2.01 operator names
)
\inf@bad=\count88
LaTeX Info: Redefining \frac on input line 210.
\uproot@=\count89
\leftroot@=\count90
LaTeX Info: Redefining \overline on input line 306.
\classnum@=\count91
\DOTSCASE@=\count92
LaTeX Info: Redefining \ldots on input line 378.
LaTeX Info: Redefining \dots on input line 381.
LaTeX Info: Redefining \cdots on input line 466.
\Mathstrutbox@=\box26
\strutbox@=\box27
\big@size=\dimen105
LaTeX Font Info:    Redeclaring font encoding OML on input line 566.
LaTeX Font Info:    Redeclaring font encoding OMS on input line 567.
\macc@depth=\count93
\c@MaxMatrixCols=\count94
\dotsspace@=\muskip10
\c@parentequation=\count95
\dspbrk@lvl=\count96
\tag@help=\toks17
\row@=\count97
\column@=\count98
\maxfields@=\count99
\andhelp@=\toks18
\eqnshift@=\dimen106
\alignsep@=\dimen107
\tagshift@=\dimen108
\tagwidth@=\dimen109
\totwidth@=\dimen110
\lineht@=\dimen111
\@envbody=\toks19
\multlinegap=\skip44
\multlinetaggap=\skip45
\mathdisplay@stack=\toks20
LaTeX Info: Redefining \[ on input line 2665.
LaTeX Info: Redefining \] on input line 2666.
)
("C:\Program Files (x86)\MiKTeX 2.9\tex\generic\babel\babel.sty"
Package: babel 2008/07/08 v3.8m The Babel package

*************************************
* Local config file bblopts.cfg used
*
("C:\Program Files (x86)\MiKTeX 2.9\tex\latex\00miktex\bblopts.cfg"
File: bblopts.cfg 2006/07/31 v1.0 MiKTeX 'babel' configuration
)
("C:\Program Files (x86)\MiKTeX 2.9\tex\generic\babel\magyar.ldf"
Language: magyar 2005/03/30 v1.4j Magyar support from the babel system

("C:\Program Files (x86)\MiKTeX 2.9\tex\generic\babel\babel.def"
File: babel.def 2008/07/08 v3.8m Babel common definitions
\babel@savecnt=\count100
\U@D=\dimen112
)
Package babel Info: Making ` an active character on input line 597.
))
("C:\Program Files (x86)\MiKTeX 2.9\tex\latex\graphics\graphics.sty"
Package: graphics 2009/02/05 v1.0o Standard LaTeX Graphics (DPC,SPQR)

("C:\Program Files (x86)\MiKTeX 2.9\tex\latex\graphics\trig.sty"
Package: trig 1999/03/16 v1.09 sin cos tan (DPC)
)
("C:\Program Files (x86)\MiKTeX 2.9\tex\latex\00miktex\graphics.cfg"
File: graphics.cfg 2007/01/18 v1.5 graphics configuration of teTeX/TeXLive
)
Package graphics Info: Driver file: xetex.def on input line 91.

("C:\Program Files (x86)\MiKTeX 2.9\tex\xelatex\xetex-def\xetex.def"
File: xetex.def 2013/02/04 v0.95 LaTeX color/graphics driver for XeTeX (RRM/JK)
))
("C:\Program Files (x86)\MiKTeX 2.9\tex\latex\preprint\fullpage.sty"
Package: fullpage 1999/02/23 1.1 (PWD)
\FP@margin=\skip46
)
("C:\Program Files (x86)\MiKTeX 2.9\tex\latex\float\float.sty"
Package: float 2001/11/08 v1.3d Float enhancements (AL)
\c@float@type=\count101
\float@exts=\toks21
\float@box=\box28
\@float@everytoks=\toks22
\@floatcapt=\box29
)
("C:\Program Files (x86)\MiKTeX 2.9\tex\latex\tools\verbatim.sty"
Package: verbatim 2003/08/22 v1.5q LaTeX2e package for verbatim enhancements
\every@verbatim=\toks23
\verbatim@line=\toks24
\verbatim@in@stream=\read1
)

! LaTeX Error: There's no line here to end.

See the LaTeX manual or LaTeX Companion for explanation.
Type  H <return>  for immediate help.
 ...                                              
                                                  
l.21 \author
            {Böjti Paszkál(BH0R0N)\\III. évf, mérnök informatikus szako...
Your command was ignored.
Type  I <command> <return>  to replace it with another command,
or  <return>  to continue without it.

(C:\Users\Pasquale\Desktop\gc\gc.aux

LaTeX Warning: Label `fig:hk' multiply defined.

)
LaTeX Font Info:    Checking defaults for OML/cmm/m/it on input line 26.
LaTeX Font Info:    ... okay on input line 26.
LaTeX Font Info:    Checking defaults for T1/cmr/m/n on input line 26.
LaTeX Font Info:    ... okay on input line 26.
LaTeX Font Info:    Checking defaults for OT1/cmr/m/n on input line 26.
LaTeX Font Info:    ... okay on input line 26.
LaTeX Font Info:    Checking defaults for OMS/cmsy/m/n on input line 26.
LaTeX Font Info:    ... okay on input line 26.
LaTeX Font Info:    Checking defaults for OMX/cmex/m/n on input line 26.
LaTeX Font Info:    ... okay on input line 26.
LaTeX Font Info:    Checking defaults for U/cmr/m/n on input line 26.
LaTeX Font Info:    ... okay on input line 26.
 (C:\Users\Pasquale\Desktop\gc\gc.toc
! Missing control sequence inserted.
<inserted text> 
                \inaccessible 
l.9 ...om\'as\let \reserved@d =[\def {\@@par }}{5}
                                                  
Please don't say `\def cs{...}', say `\def\cs{...}'.
I've inserted an inaccessible control sequence so that your
definition will be completed without mixing me up too badly.
You can recover graciously from this error, if you're
careful; see exercise 27.2 in The TeXbook.

[1

]
Missing character: There is no ™ in font ecrm1200!
)
\tf@toc=\write3
 [2]
LaTeX Font Info:    Try loading font information for OMS+cmr on input line 61.
 ("C:\Program Files (x86)\MiKTeX 2.9\tex\latex\base\omscmr.fd"
File: omscmr.fd 1999/05/25 v2.5h Standard LaTeX font definitions
)
LaTeX Font Info:    Font shape `OMS/cmr/m/n' in size <12> not available
(Font)              Font shape `OMS/cmsy/m/n' tried instead on input line 61.
 [3]
Overfull \hbox (1.77269pt too wide) in paragraph at lines 84--85
[]\T1/cmr/m/n/12 természeti ka-taszt-rófa kö-vet-kez-té-ben baj-ba-ju-tot-tak se-gí-té-sére, ment®csapatok
 []

! Argument of \@sect has an extra }.
<inserted text> 
                \par 
l.94 ...ás\footnote{GC(S):Ground Control System}}
                                                  
I've run across a `}' that doesn't seem to match anything.
For example, `\def\a#1{...}' and `\a}' would produce
this error. If you simply proceed now, the `\par' that
I've just inserted will cause me to report a runaway
argument that might be the root of the problem. But if
your `}' was spurious, just type `2' and it will go away.

Runaway argument?
{\normalfont \Large \bfseries }{\@xfootnote }\def \reserved@b {\stepcounter \ETC.
! Paragraph ended before \@sect was complete.
<to be read again> 
                   \par 
l.94 ...ás\footnote{GC(S):Ground Control System}}
                                                  
I suspect you've forgotten a `}', causing me to apply this
control sequence to too much text. How can we recover?
My plan is to forget the whole thing and hope for the best.

[4]
File: hord.png Graphic file (type QTm)
 <use  "hord.png" >
File: komplex.png Graphic file (type QTm)
 <use  "komplex.png" > [5]
Missing character: There is no ’ in font ecrm1200!
File: kompat.png Graphic file (type QTm)
 <use  "kompat.png" > [6]
File: mit.png Graphic file (type QTm)
 <use  "mit.png" > [7]
File: rodan.png Graphic file (type QTm)
 <use  "rodan.png" >
[8]
File: hk.png Graphic file (type QTm)
 <use  "hk.png" >
File: ardu.png Graphic file (type QTm)
 <use  "ardu.png" > [9]
File: viking.png Graphic file (type QTm)
 <use  "viking.png" >
Missing character: There is no ™ in font ecbx1200!

Overfull \hbox (39.70728pt too wide) in paragraph at lines 212--213
\T1/cmr/m/n/12 leg-op-ti-má-li-sabb meg-ol-dás-nak. So-ros port ke-ze-lé-sére van be-épí-tett [[]]system.io.ports.
serialport
 []

[10]
File: orca.png Graphic file (type QTm)
 <use  "orca.png" >
File: sys.png Graphic file (type QTm)
 <use  "sys.png" > [11]
File: xbee.png Graphic file (type QTm)
 <use  "xbee.png" > [12]
File: comnull.png Graphic file (type QTm)
 <use  "comnull.png" >
File: sorossend.png Graphic file (type QTm)
 <use  "sorossend.png" >
[13]
File: xvi.png Graphic file (type QTm)
 <use  "xvi.png" >
LaTeX Font Info:    Try loading font information for T1+cmtt on input line 295.
 ("C:\Program Files (x86)\MiKTeX 2.9\tex\latex\base\t1cmtt.fd"
File: t1cmtt.fd 1999/05/25 v2.5h Standard LaTeX font definitions
) [14]
File: ned.png Graphic file (type QTm)
 <use  "ned.png" > [15]
[16]
File: gui.png Graphic file (type QTm)
 <use  "gui.png" >
File: gui2.png Graphic file (type QTm)
 <use  "gui2.png" >
Missing character: There is no ’ in font ecrm1200!
Missing character: There is no ’ in font ecrm1200!
 [17]
File: hiba1.png Graphic file (type QTm)
 <use  "hiba1.png" >
File: hiba2.png Graphic file (type QTm)
 <use  "hiba2.png" > [18]
File: hiba3.png Graphic file (type QTm)
 <use  "hiba3.png" > [19]
File: mono1.png Graphic file (type QTm)

<use  "mono1.png" >
Underfull \hbox (badness 2165) in paragraph at lines 453--454
[]\T1/cmr/m/n/12 http://en.wikipedia.org/wiki/Unmanned_combat_air_vehicle, 2013. má-jus 4,
 []


Underfull \hbox (badness 10000) in paragraph at lines 456--457
[]\T1/cmr/m/n/12 http://www.defenseindustrydaily.com/uav-ground-control-solutions-06175/,
 []


Overfull \hbox (106.85228pt too wide) in paragraph at lines 461--462
[]\T1/cmr/m/n/12 http://api.ning.com/files/ga5AVWy8xTu8cx9rHdzJ73Epc*dzb0uy*UPe0O8wFxogMF6WNRW8StK3x-
 []


Underfull \hbox (badness 10000) in paragraph at lines 461--462
\T1/cmr/m/n/12 xzkG2iBk16kNFpYTZe80NgM8kbXOiyxrEwUXIt/GroundControlStation.pdf,
 []


Underfull \hbox (badness 10000) in paragraph at lines 467--468
[]\T1/cmr/m/n/12 https://code.google.com/p/ardupilot-mega/wiki/HappyKillmore, 2013. már-
 []


Underfull \hbox (badness 10000) in paragraph at lines 471--472
[]\T1/cmr/m/n/12 http://www.vikingaero.com/uav_ground_control_station.html, 2013. már-
 []

[20]
Underfull \hbox (badness 10000) in paragraph at lines 477--478
[]\T1/cmr/m/n/12 http://msdn.microsoft.com/en-us/library/system.io.ports.serialport.aspx,
 []


! LaTeX Error: \begin{itemize} on input line 60 ended by \end{document}.

See the LaTeX manual or LaTeX Companion for explanation.
Type  H <return>  for immediate help.
 ...                                              
                                                  
l.489 \end{document}
                    
Your command was ignored.
Type  I <command> <return>  to replace it with another command,
or  <return>  to continue without it.

[21] (C:\Users\Pasquale\Desktop\gc\gc.aux)

LaTeX Warning: There were multiply-defined labels.

 )
(\end occurred inside a group at level 1)

### semi simple group (level 1) entered at line 60 (\begingroup)
### bottom level 
Here is how much of TeX's memory you used:
 1764 strings out of 429035
 20051 string characters out of 3166908
 81089 words of memory out of 3000000
 4993 multiletter control sequences out of 15000+200000
 17787 words of font info for 47 fonts, out of 3000000 for 9000
 912 hyphenation exceptions out of 8191
 27i,8n,27p,1224b,306s stack positions out of 5000i,500n,10000p,200000b,50000s

Output written on gc.pdf (21 pages).
